<?xml version="1.0" encoding="UTF-8"?>
<!-- Generated by org.testng.reporters.JUnitXMLReporter -->
<testsuite hostname="PRINHYLTPDL1435" ignored="1" name="Default test" tests="1" failures="0" timestamp="10 Jan 2019 10:44:47 GMT" time="2.148" errors="0">
  <testcase name="getCountry2008" time="2.13" classname="com.qa.tests.TestF12010"/>
  <testcase name="getCircuit" time="0.0" classname="com.qa.tests.TestF12010">
    <ignored/>
  </testcase> <!-- getCircuit -->
</testsuite> <!-- Default test -->
