<?xml version="1.0" encoding="UTF-8"?>
<!-- Generated by org.testng.reporters.JUnitXMLReporter -->
<testsuite hostname="PRINHYLTPDL1435" ignored="2" name="Default test" tests="1" failures="0" timestamp="11 Jan 2019 07:46:47 GMT" time="28.779" errors="0">
  <testcase name="getDriverCount" time="28.747" classname="com.qa.tests.TestF12010"/>
  <testcase name="getCircuit" time="0.0" classname="com.qa.tests.TestF12010">
    <ignored/>
  </testcase> <!-- getCircuit -->
  <testcase name="getCountry2008" time="0.0" classname="com.qa.tests.TestF12010">
    <ignored/>
  </testcase> <!-- getCountry2008 -->
</testsuite> <!-- Default test -->
