<?xml version="1.0" encoding="UTF-8"?>
<testng-results skipped="0" failed="0" ignored="2" total="3" passed="1">
  <reporter-output>
  </reporter-output>
  <suite name="Default suite" duration-ms="28779" started-at="2019-01-11T07:46:18Z" finished-at="2019-01-11T07:46:47Z">
    <groups>
    </groups>
    <test name="Default test" duration-ms="28779" started-at="2019-01-11T07:46:18Z" finished-at="2019-01-11T07:46:47Z">
      <class name="com.qa.tests.TestF12010">
        <test-method status="PASS" signature="getDriverCount()[pri:0, instance:com.qa.tests.TestF12010@61832929]" name="getDriverCount" duration-ms="28747" started-at="2019-01-11T07:46:18Z" finished-at="2019-01-11T07:46:47Z">
          <reporter-output>
          </reporter-output>
        </test-method> <!-- getDriverCount -->
      </class> <!-- com.qa.tests.TestF12010 -->
    </test> <!-- Default test -->
  </suite> <!-- Default suite -->
</testng-results>
