<?xml version="1.0" encoding="UTF-8"?>
<testng-results skipped="0" failed="0" ignored="1" total="2" passed="1">
  <reporter-output>
  </reporter-output>
  <suite name="Default suite" duration-ms="2148" started-at="2019-01-10T10:44:45Z" finished-at="2019-01-10T10:44:47Z">
    <groups>
    </groups>
    <test name="Default test" duration-ms="2148" started-at="2019-01-10T10:44:45Z" finished-at="2019-01-10T10:44:47Z">
      <class name="com.qa.tests.TestF12010">
        <test-method status="PASS" signature="getCountry2008()[pri:0, instance:com.qa.tests.TestF12010@cb5822]" name="getCountry2008" duration-ms="2130" started-at="2019-01-10T10:44:45Z" finished-at="2019-01-10T10:44:47Z">
          <reporter-output>
          </reporter-output>
        </test-method> <!-- getCountry2008 -->
      </class> <!-- com.qa.tests.TestF12010 -->
    </test> <!-- Default test -->
  </suite> <!-- Default suite -->
</testng-results>
